0 info it worked if it ends with ok
1 verbose cli [ 'node', '/usr/local/bin/npm', 'install', '-g', 'react-tools' ]
2 info using npm@2.7.4
3 info using node@v0.12.2
4 verbose node symlink /usr/local/bin/node
5 silly cache add args [ 'react-tools', null ]
6 verbose cache add spec react-tools
7 silly cache add parsed spec { raw: 'react-tools',
7 silly cache add   scope: null,
7 silly cache add   name: 'react-tools',
7 silly cache add   rawSpec: '',
7 silly cache add   spec: '*',
7 silly cache add   type: 'range' }
8 verbose addNamed react-tools@*
9 silly addNamed semver.valid null
10 silly addNamed semver.validRange *
11 silly addNameRange { name: 'react-tools', range: '*', hasData: false }
12 silly mapToRegistry name react-tools
13 silly mapToRegistry using default registry
14 silly mapToRegistry registry https://registry.npmjs.org/
15 silly mapToRegistry uri https://registry.npmjs.org/react-tools
16 verbose addNameRange registry:https://registry.npmjs.org/react-tools not in flight; fetching
17 verbose request uri https://registry.npmjs.org/react-tools
18 verbose request no auth needed
19 info attempt registry request try #1 at 07:25:50
20 verbose request id 21f6ef0f62c1e3c1
21 verbose etag "E4QG4WZYNL9WCMS4NU9ZGQIHT"
22 http request GET https://registry.npmjs.org/react-tools
23 http 200 https://registry.npmjs.org/react-tools
24 silly get cb [ 200,
24 silly get   { server: 'CouchDB/1.5.0 (Erlang OTP/R16B03)',
24 silly get     etag: '"E4PC12RG1M6CMRGFCFGZ18489"',
24 silly get     'content-type': 'application/json',
24 silly get     'cache-control': 'max-age=60',
24 silly get     'content-length': '80630',
24 silly get     'accept-ranges': 'bytes',
24 silly get     date: 'Sat, 05 Sep 2015 14:25:49 GMT',
24 silly get     via: '1.1 varnish',
24 silly get     age: '0',
24 silly get     connection: 'keep-alive',
24 silly get     'x-served-by': 'cache-lax1422-LAX',
24 silly get     'x-cache': 'MISS',
24 silly get     'x-cache-hits': '0',
24 silly get     'x-timer': 'S1441463149.692742,VS0,VE305',
24 silly get     vary: 'Accept' } ]
25 verbose get saving react-tools to /Users/ace/.npm/registry.npmjs.org/react-tools/.cache.json
26 silly addNameRange number 2 { name: 'react-tools', range: '*', hasData: true }
27 silly addNameRange versions [ 'react-tools',
27 silly addNameRange   [ '0.3.0',
27 silly addNameRange     '0.3.1',
27 silly addNameRange     '0.3.2',
27 silly addNameRange     '0.3.3',
27 silly addNameRange     '0.4.0',
27 silly addNameRange     '0.4.1',
27 silly addNameRange     '0.5.0',
27 silly addNameRange     '0.5.1',
27 silly addNameRange     '0.4.2',
27 silly addNameRange     '0.5.2',
27 silly addNameRange     '0.8.0',
27 silly addNameRange     '0.9.0-rc1',
27 silly addNameRange     '0.9.0',
27 silly addNameRange     '0.10.0-rc1',
27 silly addNameRange     '0.10.0',
27 silly addNameRange     '0.11.0-rc1',
27 silly addNameRange     '0.11.0',
27 silly addNameRange     '0.11.1',
27 silly addNameRange     '0.11.2',
27 silly addNameRange     '0.12.0-rc1',
27 silly addNameRange     '0.12.0',
27 silly addNameRange     '0.12.1',
27 silly addNameRange     '0.12.2',
27 silly addNameRange     '0.13.0-alpha.1',
27 silly addNameRange     '0.13.0-alpha.2',
27 silly addNameRange     '0.13.0-beta.1',
27 silly addNameRange     '0.13.0-beta.2',
27 silly addNameRange     '0.13.0-rc1',
27 silly addNameRange     '0.13.0-rc2',
27 silly addNameRange     '0.13.0',
27 silly addNameRange     '0.13.1',
27 silly addNameRange     '0.13.2',
27 silly addNameRange     '0.13.3',
27 silly addNameRange     '0.14.0-alpha1',
27 silly addNameRange     '0.14.0-alpha2',
27 silly addNameRange     '0.14.0-alpha3' ] ]
28 verbose addNamed react-tools@0.13.3
29 silly addNamed semver.valid 0.13.3
30 silly addNamed semver.validRange 0.13.3
31 silly cache afterAdd react-tools@0.13.3
32 verbose afterAdd /Users/ace/.npm/react-tools/0.13.3/package/package.json not in flight; writing
33 verbose afterAdd /Users/ace/.npm/react-tools/0.13.3/package/package.json written
34 silly install resolved [ { name: 'react-tools',
34 silly install resolved     description: 'A set of complementary tools to React, including the JSX transformer.',
34 silly install resolved     version: '0.13.3',
34 silly install resolved     keywords: [ 'react', 'jsx', 'transformer', 'view' ],
34 silly install resolved     homepage: 'https://facebook.github.io/react',
34 silly install resolved     bugs: { url: 'https://github.com/facebook/react/issues' },
34 silly install resolved     license: 'BSD-3-Clause',
34 silly install resolved     files:
34 silly install resolved      [ 'main.js',
34 silly install resolved        'bin/jsx',
34 silly install resolved        'src/',
34 silly install resolved        'vendor/fbtransform/',
34 silly install resolved        'vendor/inline-source-map.js' ],
34 silly install resolved     main: 'main.js',
34 silly install resolved     bin: { jsx: './bin/jsx' },
34 silly install resolved     repository: { type: 'git', url: 'https://github.com/facebook/react' },
34 silly install resolved     dependencies: { commoner: '^0.10.0', jstransform: '^10.1.0' },
34 silly install resolved     devDependencies:
34 silly install resolved      { benchmark: '~1.0.0',
34 silly install resolved        browserify: '^9.0.3',
34 silly install resolved        'bundle-collapser': '^1.1.1',
34 silly install resolved        'coffee-script': '^1.8.0',
34 silly install resolved        coverify: '~1.0.4',
34 silly install resolved        derequire: '^2.0.0',
34 silly install resolved        envify: '^3.0.0',
34 silly install resolved        es3ify: '~0.1.2',
34 silly install resolved        'es5-shim': '^4.0.0',
34 silly install resolved        eslint: '^0.14.1',
34 silly install resolved        'esprima-fb': '^13001.1001.0-dev-harmony-fb',
34 silly install resolved        grunt: '~0.4.2',
34 silly install resolved        'grunt-cli': '~0.1.9',
34 silly install resolved        'grunt-compare-size': '~0.4.0',
34 silly install resolved        'grunt-contrib-clean': '^0.6.0',
34 silly install resolved        'grunt-contrib-compress': '^0.13.0',
34 silly install resolved        'grunt-contrib-connect': '~0.6.0',
34 silly install resolved        'grunt-contrib-jshint': '^0.10.0',
34 silly install resolved        'grunt-jest': '^0.1.2',
34 silly install resolved        'gzip-js': '~0.3.2',
34 silly install resolved        'jasmine-tapreporter': '~0.2.2',
34 silly install resolved        'jest-cli': '^0.2.1',
34 silly install resolved        optimist: '~0.6.0',
34 silly install resolved        phantomjs: '~1.9',
34 silly install resolved        platform: '^1.1.0',
34 silly install resolved        populist: '~0.1.6',
34 silly install resolved        recast: '^0.9.11',
34 silly install resolved        'sauce-tunnel': '~1.1.0',
34 silly install resolved        tmp: '~0.0.18',
34 silly install resolved        typescript: '^1.4.0',
34 silly install resolved        'uglify-js': '^2.4.20',
34 silly install resolved        uglifyify: '^3.0.1',
34 silly install resolved        wd: '~0.2.6' },
34 silly install resolved     engines: { node: '>=0.10.0' },
34 silly install resolved     preferGlobal: true,
34 silly install resolved     commonerConfig: { version: 4 },
34 silly install resolved     scripts:
34 silly install resolved      { test: 'jest',
34 silly install resolved        jest: 'jest',
34 silly install resolved        lint: 'eslint src',
34 silly install resolved        build: 'grunt build' },
34 silly install resolved     jest:
34 silly install resolved      { rootDir: '',
34 silly install resolved        scriptPreprocessor: 'jest/preprocessor.js',
34 silly install resolved        setupEnvScriptFile: 'jest/environment.js',
34 silly install resolved        persistModuleRegistryBetweenSpecs: true,
34 silly install resolved        testFileExtensions: [Object],
34 silly install resolved        modulePathIgnorePatterns: [Object],
34 silly install resolved        testPathIgnorePatterns: [Object],
34 silly install resolved        unmockedModulePathPatterns: [Object] },
34 silly install resolved     _id: 'react-tools@0.13.3',
34 silly install resolved     _shasum: 'da6ac7d4d7777a59a5e951cf46e72fd4b6b40a2c',
34 silly install resolved     _resolved: 'https://registry.npmjs.org/react-tools/-/react-tools-0.13.3.tgz',
34 silly install resolved     _from: 'react-tools@*',
34 silly install resolved     _npmVersion: '2.7.3',
34 silly install resolved     _nodeVersion: '0.10.38',
34 silly install resolved     _npmUser: { name: 'zpao', email: 'paul@oshannessy.com' },
34 silly install resolved     maintainers: [ [Object], [Object] ],
34 silly install resolved     dist:
34 silly install resolved      { shasum: 'da6ac7d4d7777a59a5e951cf46e72fd4b6b40a2c',
34 silly install resolved        tarball: 'http://registry.npmjs.org/react-tools/-/react-tools-0.13.3.tgz' },
34 silly install resolved     deprecated: 'react-tools is deprecated. For more information, visit https://fb.me/react-tools-deprecated',
34 silly install resolved     directories: {},
34 silly install resolved     readme: 'ERROR: No README data found!' } ]
35 info install react-tools@0.13.3 into /usr/local/lib
36 info installOne react-tools@0.13.3
37 verbose installOne of react-tools to /usr/local/lib not in flight; installing
38 verbose lock using /Users/ace/.npm/_locks/react-tools-548e65591a6e6311.lock for /usr/local/lib/node_modules/react-tools
39 silly install write writing react-tools 0.13.3 to /usr/local/lib/node_modules/react-tools
40 silly cache addNamed cb react-tools@0.13.3
41 warn deprecated react-tools@0.13.3: react-tools is deprecated. For more information, visit https://fb.me/react-tools-deprecated
42 verbose unbuild lib/node_modules/react-tools
43 info preuninstall react-tools@0.13.3
44 info uninstall react-tools@0.13.3
45 verbose unbuild rmStuff react-tools@0.13.3 from /usr/local/lib/node_modules
46 silly gentlyRm /usr/local/bin/jsx is being gently removed
47 silly gentlyRm verifying /usr/local is an npm working directory
48 silly gentlyRm containing path /usr/local is under npm's control, in /usr/local
49 silly gentlyRm deletion target /usr/local/bin/jsx is under /usr/local
50 verbose gentlyRm vacuuming from /usr/local/bin/jsx up to /usr/local
51 silly vacuum-fs removing /usr/local/bin/jsx
52 silly vacuum-fs quitting because other entries in /usr/local/bin
53 info postuninstall react-tools@0.13.3
54 silly gentlyRm /usr/local/lib/node_modules/react-tools is being purged from base /usr/local
55 verbose gentlyRm don't care about contents; nuking /usr/local/lib/node_modules/react-tools
56 silly vacuum-fs purging /usr/local/lib/node_modules/react-tools
57 verbose unlock done using /Users/ace/.npm/_locks/react-tools-548e65591a6e6311.lock for /usr/local/lib/node_modules/react-tools
58 verbose stack Error: EACCES, unlink '/usr/local/lib/node_modules/react-tools/README.md'
58 verbose stack     at Error (native)
59 verbose cwd /Users/ace/sensors
60 error Darwin 14.4.0
61 error argv "node" "/usr/local/bin/npm" "install" "-g" "react-tools"
62 error node v0.12.2
63 error npm  v2.7.4
64 error path /usr/local/lib/node_modules/react-tools/README.md
65 error code EACCES
66 error errno -13
67 error Error: EACCES, unlink '/usr/local/lib/node_modules/react-tools/README.md'
67 error     at Error (native)
67 error  { [Error: EACCES, unlink '/usr/local/lib/node_modules/react-tools/README.md']
67 error   errno: -13,
67 error   code: 'EACCES',
67 error   path: '/usr/local/lib/node_modules/react-tools/README.md' }
68 error Please try running this command again as root/Administrator.
69 verbose exit [ -13, true ]
70 verbose unbuild lib/node_modules/react-tools
71 info preuninstall react-tools@0.13.3
72 info uninstall react-tools@0.13.3
73 verbose unbuild rmStuff react-tools@0.13.3 from /usr/local/lib/node_modules
74 silly gentlyRm /usr/local/bin/jsx is being gently removed
75 silly gentlyRm verifying /usr/local is an npm working directory
76 silly gentlyRm containing path /usr/local is under npm's control, in /usr/local
77 silly gentlyRm deletion target /usr/local/bin/jsx is under /usr/local
78 verbose gentlyRm vacuuming from /usr/local/bin/jsx up to /usr/local
79 info postuninstall react-tools@0.13.3
80 silly gentlyRm /usr/local/lib/node_modules/react-tools is being purged from base /usr/local
81 verbose gentlyRm don't care about contents; nuking /usr/local/lib/node_modules/react-tools
82 silly vacuum-fs purging /usr/local/lib/node_modules/react-tools
83 error error rolling back Error: EACCES, unlink '/usr/local/lib/node_modules/react-tools/README.md'
83 error error rolling back     at Error (native)
83 error error rolling back  { [Error: EACCES, unlink '/usr/local/lib/node_modules/react-tools/README.md']
83 error error rolling back   errno: -13,
83 error error rolling back   code: 'EACCES',
83 error error rolling back   path: '/usr/local/lib/node_modules/react-tools/README.md' }
